* using log directory ‘/home/jpb/Projekte/RIlias/RIlias.Rcheck’
* using R version 3.5.2 (2018-12-20)
* using platform: x86_64-pc-linux-gnu (64-bit)
* using session charset: UTF-8
* checking for file ‘RIlias/DESCRIPTION’ ... OK
* checking extension type ... Package
* this is package ‘RIlias’ version ‘0.3’
* checking package namespace information ... OK
* checking package dependencies ... OK
* checking if this is a source package ... OK
* checking if there is a namespace ... OK
* checking for executable files ... OK
* checking for hidden files and directories ... OK
* checking for portable file names ... OK
* checking for sufficient/correct file permissions ... OK
* checking whether package ‘RIlias’ can be installed ... OK
* checking installed package size ... OK
* checking package directory ... OK
* checking DESCRIPTION meta-information ... NOTE
Malformed Title field: should not end in a period.
Malformed Description field: should contain one or more complete sentences.
* checking top-level files ... OK
* checking for left-over files ... OK
* checking index information ... OK
* checking package subdirectories ... OK
* checking R files for non-ASCII characters ... WARNING
Found the following files with non-ASCII characters:
  02_methods.R
  04_items.R
Portable packages must use only ASCII characters in their R code,
except perhaps in comments.
Use \uxxxx escapes for other characters.
* checking R files for syntax errors ... OK
* checking whether the package can be loaded ... OK
* checking whether the package can be loaded with stated dependencies ... OK
* checking whether the package can be unloaded cleanly ... OK
* checking whether the namespace can be loaded with stated dependencies ... OK
* checking whether the namespace can be unloaded cleanly ... OK
* checking loading without being on the library search path ... OK
* checking dependencies in R code ... NOTE
'library' or 'require' call to ‘RCurl’ which was already attached by Depends.
  Please remove these calls from your code.
Packages in Depends field not imported from:
  ‘RCurl’ ‘methods’ ‘mvtnorm’
  These packages need to be imported from (in the NAMESPACE file)
  for when this namespace is loaded but not attached.
* checking S3 generic/method consistency ... OK
* checking replacement functions ... OK
* checking foreign function calls ... OK
* checking R code for possible problems ... NOTE
EinsichtPdf: no visible global function definition for ‘zip’
GetBase64: no visible global function definition for ‘base64Encode’
ItemMatchingImage: no visible global function definition for ‘runif’
MakeIliasFiles: no visible global function definition for ‘zip’
PageContentImage: no visible binding for global variable ‘Width’
PageContentImage: no visible binding for global variable ‘Height’
Question: no visible global function definition for ‘new’
SaveBase64: no visible global function definition for ‘base64Decode’
Undefined global functions or variables:
  Height Width base64Decode base64Encode new runif zip
Consider adding
  importFrom("methods", "new")
  importFrom("stats", "runif")
  importFrom("utils", "zip")
to your NAMESPACE file (and ensure that your DESCRIPTION Imports field
contains 'methods').
* checking Rd files ... WARNING
ItemGaps.Rd: non-ASCII input and no declared encoding
problem found in ‘ItemGaps.Rd’
* checking Rd metadata ... OK
* checking Rd cross-references ... OK
* checking for missing documentation entries ... WARNING
Undocumented code objects:
  ‘CheckFiles’ ‘GetBase64’ ‘Question’ ‘Round’ ‘SaveBase64’ ‘Write’
  ‘getprobs’ ‘makeLatexFormulaImages’
Undocumented S4 classes:
  ‘Question’
Undocumented S4 methods:
  generic 'Write' and siglist 'Question'
  generic 'initialize' and siglist 'Question'
All user-level objects in a package (including S4 classes and methods)
should have documentation entries.
See chapter ‘Writing R documentation files’ in the ‘Writing R
Extensions’ manual.
* checking for code/documentation mismatches ... WARNING
Functions or methods with usage in documentation object 'TestGaps' but not in code:
  TestGaps

* checking Rd \usage sections ... WARNING
Undocumented arguments in documentation object 'ItemGaps'
  ‘Titel’
Documented arguments not in \usage in documentation object 'ItemGaps':
  ‘title’

Undocumented arguments in documentation object 'MakeIliasFiles'
  ‘Path’ ‘FolderName’ ‘PoolName’ ‘id’ ‘Author’ ‘debug’

Undocumented arguments in documentation object 'TestGaps'
  ‘Text’ ‘Titel’ ‘iter’

Functions with \usage entries need to have the appropriate \alias
entries, and all their arguments documented.
The \usage entries must correspond to syntactically valid R code.
See chapter ‘Writing R documentation files’ in the ‘Writing R
Extensions’ manual.
* checking Rd contents ... OK
* checking for unstated dependencies in examples ... OK
* checking examples ... OK
* checking PDF version of manual ... OK
* DONE
Status: 5 WARNINGs, 3 NOTEs
